<?xml version="1.0" encoding="UTF-8"?>
<testng-results skipped="0" failed="0" ignored="0" total="1" passed="1">
  <reporter-output>
  </reporter-output>
  <suite name="Default suite" duration-ms="96235" started-at="2021-09-15T08:29:11Z" finished-at="2021-09-15T08:30:48Z">
    <groups>
      <group name="cucumber">
        <method signature="AbstractTestNGCucumberTests.runScenario(io.cucumber.testng.PickleWrapper, io.cucumber.testng.FeatureWrapper)[pri:0, instance:parallel.TestRunner@5ce81285]" name="runScenario" class="io.cucumber.testng.AbstractTestNGCucumberTests"/>
      </group> <!-- cucumber -->
    </groups>
    <test name="Default test" duration-ms="96235" started-at="2021-09-15T08:29:11Z" finished-at="2021-09-15T08:30:48Z">
      <class name="parallel.TestRunner">
        <test-method status="PASS" signature="setUpClass()[pri:0, instance:parallel.TestRunner@5ce81285]" name="setUpClass" is-config="true" duration-ms="721" started-at="2021-09-15T08:29:11Z" finished-at="2021-09-15T08:29:12Z">
          <reporter-output>
          </reporter-output>
        </test-method> <!-- setUpClass -->
        <test-method status="PASS" signature="runScenario(io.cucumber.testng.PickleWrapper, io.cucumber.testng.FeatureWrapper)[pri:0, instance:parallel.TestRunner@5ce81285]" name="runScenario" duration-ms="85590" started-at="2021-09-15T08:29:12Z" description="Runs Cucumber Scenarios" data-provider="scenarios" finished-at="2021-09-15T08:30:38Z">
          <params>
            <param index="0">
              <value>
                <![CDATA["Validating Transferee User is able to Add an Expense through MobilityX application"]]>
              </value>
            </param>
            <param index="1">
              <value>
                <![CDATA["Optional[Transferee - Add Expense Feature]"]]>
              </value>
            </param>
          </params>
          <reporter-output>
          </reporter-output>
        </test-method> <!-- runScenario -->
        <test-method status="PASS" signature="tearDownClass()[pri:0, instance:parallel.TestRunner@5ce81285]" name="tearDownClass" is-config="true" duration-ms="9901" started-at="2021-09-15T08:30:38Z" finished-at="2021-09-15T08:30:47Z">
          <reporter-output>
          </reporter-output>
        </test-method> <!-- tearDownClass -->
      </class> <!-- parallel.TestRunner -->
    </test> <!-- Default test -->
  </suite> <!-- Default suite -->
</testng-results>
