<?xml version="1.0" encoding="UTF-8"?>
<testng-results skipped="0" failed="0" ignored="0" total="1" passed="1">
  <reporter-output>
  </reporter-output>
  <suite name="Default suite" duration-ms="84515" started-at="2021-09-08T12:21:28Z" finished-at="2021-09-08T12:22:53Z">
    <groups>
      <group name="cucumber">
        <method signature="AbstractTestNGCucumberTests.runScenario(io.cucumber.testng.PickleWrapper, io.cucumber.testng.FeatureWrapper)[pri:0, instance:parallel.TestRunner@5ce81285]" name="runScenario" class="io.cucumber.testng.AbstractTestNGCucumberTests"/>
      </group> <!-- cucumber -->
    </groups>
    <test name="Default test" duration-ms="84515" started-at="2021-09-08T12:21:28Z" finished-at="2021-09-08T12:22:53Z">
      <class name="parallel.TestRunner">
        <test-method status="PASS" signature="setUpClass()[pri:0, instance:parallel.TestRunner@5ce81285]" name="setUpClass" is-config="true" duration-ms="693" started-at="2021-09-08T12:21:28Z" finished-at="2021-09-08T12:21:29Z">
          <reporter-output>
          </reporter-output>
        </test-method> <!-- setUpClass -->
        <test-method status="PASS" signature="runScenario(io.cucumber.testng.PickleWrapper, io.cucumber.testng.FeatureWrapper)[pri:0, instance:parallel.TestRunner@5ce81285]" name="runScenario" duration-ms="80187" started-at="2021-09-08T12:21:29Z" description="Runs Cucumber Scenarios" data-provider="scenarios" finished-at="2021-09-08T12:22:49Z">
          <params>
            <param index="0">
              <value>
                <![CDATA["Validating Create Authorization Feature for a New Transfer or Assignment"]]>
              </value>
            </param>
            <param index="1">
              <value>
                <![CDATA["Optional[Create Authorization Feature]"]]>
              </value>
            </param>
          </params>
          <reporter-output>
          </reporter-output>
        </test-method> <!-- runScenario -->
        <test-method status="PASS" signature="tearDownClass()[pri:0, instance:parallel.TestRunner@5ce81285]" name="tearDownClass" is-config="true" duration-ms="3608" started-at="2021-09-08T12:22:49Z" finished-at="2021-09-08T12:22:53Z">
          <reporter-output>
          </reporter-output>
        </test-method> <!-- tearDownClass -->
      </class> <!-- parallel.TestRunner -->
    </test> <!-- Default test -->
  </suite> <!-- Default suite -->
</testng-results>
